<?xml version="1.0" encoding="UTF-8"?>
<!-- Generated by org.testng.reporters.JUnitReportReporter -->
<testsuite skipped="0" hostname="T-I-N-A" name="Framework.resMed.brokenImages" tests="1" failures="0" timestamp="2021-10-11T22:15:51 AEDT" time="16.865" errors="0">
  <testcase name="findBrokenImages" time="16.865" classname="Framework.resMed.brokenImages"/>
  <system-out/>
</testsuite> <!-- Framework.resMed.brokenImages -->
